<?xml version="1.0" encoding="UTF-8"?>
<testsuite xmlns:xsi="http://www.w3.org/2001/XMLSchema-instance" xsi:noNamespaceSchemaLocation="https://maven.apache.org/surefire/maven-surefire-plugin/xsd/surefire-test-report-3.0.xsd" version="3.0" name="TestSuite" time="196.392" tests="12" errors="0" skipped="7" failures="3">
  <properties>
[...]
</properties>
  <testcase name="mobilePageTitleTest" classname="com.ecom.qa.testcases.MobileHomePageTest" time="0.149"/>
  <testcase name="wishlistSharedTest" classname="com.ecom.qa.testcases.WishlistPageTest" time="3.055"/>
  <testcase name="setUp" classname="com.ecom.qa.testcases.ApplicationHomePageTest" time="48">
    <failure message="timeout&#10;  (Session info: chrome=76.0.3809.100)&#10;Build info: version: &apos;3.14.0&apos;, revision: &apos;aacccce0&apos;, time: &apos;2018-08-02T20:19:58.91Z&apos;&#10;System info: host: &apos;WKWIN5154091&apos;, ip: &apos;192.168.5.4&apos;, os.name: &apos;Windows 10&apos;, os.arch: &apos;amd64&apos;, os.version: &apos;10.0&apos;, java.version: &apos;12.0.2&apos;&#10;Driver info: org.openqa.selenium.chrome.ChromeDriver&#10;Capabilities {acceptInsecureCerts: false, browserName: chrome, browserVersion: 76.0.3809.100, chrome: {chromedriverVersion: 75.0.3770.140 (2d9f97485c7b..., userDataDir: C:\Users\pkshank\AppData\Lo...}, goog:chromeOptions: {debuggerAddress: localhost:56373}, javascriptEnabled: true, networkConnectionEnabled: false, pageLoadStrategy: normal, platform: XP, platformName: XP, proxy: Proxy(), setWindowRect: true, strictFileInteractability: false, timeouts: {implicit: 0, pageLoad: 300000, script: 30000}, unhandledPromptBehavior: dismiss and notify}&#10;Session ID: 96b42d1f79dbf512de9e11d5ea620b85" type="org.openqa.selenium.TimeoutException">org.openqa.selenium.TimeoutException: 
timeout
  (Session info: chrome=76.0.3809.100)
Build info: version: '3.14.0', revision: 'aacccce0', time: '2018-08-02T20:19:58.91Z'
System info: host: 'WKWIN5154091', ip: '192.168.5.4', os.name: 'Windows 10', os.arch: 'amd64', os.version: '10.0', java.version: '12.0.2'
Driver info: org.openqa.selenium.chrome.ChromeDriver
Capabilities {acceptInsecureCerts: false, browserName: chrome, browserVersion: 76.0.3809.100, chrome: {chromedriverVersion: 75.0.3770.140 (2d9f97485c7b..., userDataDir: C:\Users\pkshank\AppData\Lo...}, goog:chromeOptions: {debuggerAddress: localhost:56373}, javascriptEnabled: true, networkConnectionEnabled: false, pageLoadStrategy: normal, platform: XP, platformName: XP, proxy: Proxy(), setWindowRect: true, strictFileInteractability: false, timeouts: {implicit: 0, pageLoad: 300000, script: 30000}, unhandledPromptBehavior: dismiss and notify}
Session ID: 96b42d1f79dbf512de9e11d5ea620b85
	at com.ecom.qa.testcases.ApplicationHomePageTest.setUp(ApplicationHomePageTest.java:29)
</failure>
    <system-out><![CDATA[Before navigating to: 'http://live.guru99.com/index.php/'
Exception occured: timeout
  (Session info: chrome=76.0.3809.100)
Build info: version: '3.14.0', revision: 'aacccce0', time: '2018-08-02T20:19:58.91Z'
System info: host: 'WKWIN5154091', ip: '192.168.5.4', os.name: 'Windows 10', os.arch: 'amd64', os.version: '10.0', java.version: '12.0.2'
Driver info: org.openqa.selenium.chrome.ChromeDriver
Capabilities {acceptInsecureCerts: false, browserName: chrome, browserVersion: 76.0.3809.100, chrome: {chromedriverVersion: 75.0.3770.140 (2d9f97485c7b..., userDataDir: C:\Users\pkshank\AppData\Lo...}, goog:chromeOptions: {debuggerAddress: localhost:56373}, javascriptEnabled: true, networkConnectionEnabled: false, pageLoadStrategy: normal, platform: XP, platformName: XP, proxy: Proxy(), setWindowRect: true, strictFileInteractability: false, timeouts: {implicit: 0, pageLoad: 300000, script: 30000}, unhandledPromptBehavior: dismiss and notify}
Session ID: 96b42d1f79dbf512de9e11d5ea620b85
]]></system-out>
    <system-err><![CDATA[Starting ChromeDriver 75.0.3770.140 (2d9f97485c7b07dc18a74666574f19176731995c-refs/branch-heads/3770@{#1155}) on port 45062
Only local connections are allowed.
Please protect ports used by ChromeDriver and related test frameworks to prevent access by malicious code.
[1565891198.343][WARNING]: This version of ChromeDriver has not been tested with Chrome version 76.
Aug 15, 2019 11:16:39 PM org.openqa.selenium.remote.ProtocolHandshake createSession
INFO: Detected dialect: W3C
[1565891220.754][SEVERE]: Timed out receiving message from renderer: 19.335
[1565891220.759][SEVERE]: Timed out receiving message from renderer: -0.004
[1565891240.777][SEVERE]: Timed out receiving message from renderer: 20.000
[1565891240.782][SEVERE]: Timed out receiving message from renderer: -0.006
]]></system-err>
  </testcase>
  <testcase name="appHomePageTitleTest" classname="com.ecom.qa.testcases.ApplicationHomePageTest" time="0">
    <skipped message="timeout&#10;  (Session info: chrome=76.0.3809.100)&#10;Build info: version: &apos;3.14.0&apos;, revision: &apos;aacccce0&apos;, time: &apos;2018-08-02T20:19:58.91Z&apos;&#10;System info: host: &apos;WKWIN5154091&apos;, ip: &apos;192.168.5.4&apos;, os.name: &apos;Windows 10&apos;, os.arch: &apos;amd64&apos;, os.version: &apos;10.0&apos;, java.version: &apos;12.0.2&apos;&#10;Driver info: org.openqa.selenium.chrome.ChromeDriver&#10;Capabilities {acceptInsecureCerts: false, browserName: chrome, browserVersion: 76.0.3809.100, chrome: {chromedriverVersion: 75.0.3770.140 (2d9f97485c7b..., userDataDir: C:\Users\pkshank\AppData\Lo...}, goog:chromeOptions: {debuggerAddress: localhost:56373}, javascriptEnabled: true, networkConnectionEnabled: false, pageLoadStrategy: normal, platform: XP, platformName: XP, proxy: Proxy(), setWindowRect: true, strictFileInteractability: false, timeouts: {implicit: 0, pageLoad: 300000, script: 30000}, unhandledPromptBehavior: dismiss and notify}&#10;Session ID: 96b42d1f79dbf512de9e11d5ea620b85"/>
  </testcase>
  <testcase name="setUp" classname="com.ecom.qa.testcases.CompareProductsPageTest" time="92.474">
    <failure message="timeout&#10;  (Session info: chrome=76.0.3809.100)&#10;Build info: version: &apos;3.14.0&apos;, revision: &apos;aacccce0&apos;, time: &apos;2018-08-02T20:19:58.91Z&apos;&#10;System info: host: &apos;WKWIN5154091&apos;, ip: &apos;192.168.5.4&apos;, os.name: &apos;Windows 10&apos;, os.arch: &apos;amd64&apos;, os.version: &apos;10.0&apos;, java.version: &apos;12.0.2&apos;&#10;Driver info: org.openqa.selenium.chrome.ChromeDriver&#10;Capabilities {acceptInsecureCerts: false, browserName: chrome, browserVersion: 76.0.3809.100, chrome: {chromedriverVersion: 75.0.3770.140 (2d9f97485c7b..., userDataDir: C:\Users\pkshank\AppData\Lo...}, goog:chromeOptions: {debuggerAddress: localhost:65484}, javascriptEnabled: true, networkConnectionEnabled: false, pageLoadStrategy: normal, platform: XP, platformName: XP, proxy: Proxy(), setWindowRect: true, strictFileInteractability: false, timeouts: {implicit: 0, pageLoad: 300000, script: 30000}, unhandledPromptBehavior: dismiss and notify}&#10;Session ID: 6f2ec031b0a7f4e9070b757769722e7f" type="org.openqa.selenium.TimeoutException">org.openqa.selenium.TimeoutException: 
timeout
  (Session info: chrome=76.0.3809.100)
Build info: version: '3.14.0', revision: 'aacccce0', time: '2018-08-02T20:19:58.91Z'
System info: host: 'WKWIN5154091', ip: '192.168.5.4', os.name: 'Windows 10', os.arch: 'amd64', os.version: '10.0', java.version: '12.0.2'
Driver info: org.openqa.selenium.chrome.ChromeDriver
Capabilities {acceptInsecureCerts: false, browserName: chrome, browserVersion: 76.0.3809.100, chrome: {chromedriverVersion: 75.0.3770.140 (2d9f97485c7b..., userDataDir: C:\Users\pkshank\AppData\Lo...}, goog:chromeOptions: {debuggerAddress: localhost:65484}, javascriptEnabled: true, networkConnectionEnabled: false, pageLoadStrategy: normal, platform: XP, platformName: XP, proxy: Proxy(), setWindowRect: true, strictFileInteractability: false, timeouts: {implicit: 0, pageLoad: 300000, script: 30000}, unhandledPromptBehavior: dismiss and notify}
Session ID: 6f2ec031b0a7f4e9070b757769722e7f
	at com.ecom.qa.testcases.CompareProductsPageTest.setUp(CompareProductsPageTest.java:38)
</failure>
    <system-out><![CDATA[Before navigating to: 'http://live.guru99.com/index.php/'
Exception occured: timeout
  (Session info: chrome=76.0.3809.100)
Build info: version: '3.14.0', revision: 'aacccce0', time: '2018-08-02T20:19:58.91Z'
System info: host: 'WKWIN5154091', ip: '192.168.5.4', os.name: 'Windows 10', os.arch: 'amd64', os.version: '10.0', java.version: '12.0.2'
Driver info: org.openqa.selenium.chrome.ChromeDriver
Capabilities {acceptInsecureCerts: false, browserName: chrome, browserVersion: 76.0.3809.100, chrome: {chromedriverVersion: 75.0.3770.140 (2d9f97485c7b..., userDataDir: C:\Users\pkshank\AppData\Lo...}, goog:chromeOptions: {debuggerAddress: localhost:65484}, javascriptEnabled: true, networkConnectionEnabled: false, pageLoadStrategy: normal, platform: XP, platformName: XP, proxy: Proxy(), setWindowRect: true, strictFileInteractability: false, timeouts: {implicit: 0, pageLoad: 300000, script: 30000}, unhandledPromptBehavior: dismiss and notify}
Session ID: 6f2ec031b0a7f4e9070b757769722e7f
]]></system-out>
    <system-err><![CDATA[Starting ChromeDriver 75.0.3770.140 (2d9f97485c7b07dc18a74666574f19176731995c-refs/branch-heads/3770@{#1155}) on port 27145
Only local connections are allowed.
Please protect ports used by ChromeDriver and related test frameworks to prevent access by malicious code.
[1565891242.774][WARNING]: This version of ChromeDriver has not been tested with Chrome version 76.
Aug 15, 2019 11:17:23 PM org.openqa.selenium.remote.ProtocolHandshake createSession
INFO: Detected dialect: W3C
[1565891265.158][SEVERE]: Timed out receiving message from renderer: 18.220
[1565891265.168][SEVERE]: Timed out receiving message from renderer: -0.010
[1565891285.177][SEVERE]: Timed out receiving message from renderer: 20.000
[1565891285.191][SEVERE]: Timed out receiving message from renderer: -0.014
]]></system-err>
  </testcase>
  <testcase name="validatePopUpMessageTest" classname="com.ecom.qa.testcases.CompareProductsPageTest" time="0">
    <skipped message="timeout&#10;  (Session info: chrome=76.0.3809.100)&#10;Build info: version: &apos;3.14.0&apos;, revision: &apos;aacccce0&apos;, time: &apos;2018-08-02T20:19:58.91Z&apos;&#10;System info: host: &apos;WKWIN5154091&apos;, ip: &apos;192.168.5.4&apos;, os.name: &apos;Windows 10&apos;, os.arch: &apos;amd64&apos;, os.version: &apos;10.0&apos;, java.version: &apos;12.0.2&apos;&#10;Driver info: org.openqa.selenium.chrome.ChromeDriver&#10;Capabilities {acceptInsecureCerts: false, browserName: chrome, browserVersion: 76.0.3809.100, chrome: {chromedriverVersion: 75.0.3770.140 (2d9f97485c7b..., userDataDir: C:\Users\pkshank\AppData\Lo...}, goog:chromeOptions: {debuggerAddress: localhost:65484}, javascriptEnabled: true, networkConnectionEnabled: false, pageLoadStrategy: normal, platform: XP, platformName: XP, proxy: Proxy(), setWindowRect: true, strictFileInteractability: false, timeouts: {implicit: 0, pageLoad: 300000, script: 30000}, unhandledPromptBehavior: dismiss and notify}&#10;Session ID: 6f2ec031b0a7f4e9070b757769722e7f"/>
  </testcase>
  <testcase name="setUp" classname="com.ecom.qa.testcases.MobileHomePageTest" time="136.427">
    <failure message="timeout&#10;  (Session info: chrome=76.0.3809.100)&#10;Build info: version: &apos;3.14.0&apos;, revision: &apos;aacccce0&apos;, time: &apos;2018-08-02T20:19:58.91Z&apos;&#10;System info: host: &apos;WKWIN5154091&apos;, ip: &apos;192.168.5.4&apos;, os.name: &apos;Windows 10&apos;, os.arch: &apos;amd64&apos;, os.version: &apos;10.0&apos;, java.version: &apos;12.0.2&apos;&#10;Driver info: org.openqa.selenium.chrome.ChromeDriver&#10;Capabilities {acceptInsecureCerts: false, browserName: chrome, browserVersion: 76.0.3809.100, chrome: {chromedriverVersion: 75.0.3770.140 (2d9f97485c7b..., userDataDir: C:\Users\pkshank\AppData\Lo...}, goog:chromeOptions: {debuggerAddress: localhost:56576}, javascriptEnabled: true, networkConnectionEnabled: false, pageLoadStrategy: normal, platform: XP, platformName: XP, proxy: Proxy(), setWindowRect: true, strictFileInteractability: false, timeouts: {implicit: 0, pageLoad: 300000, script: 30000}, unhandledPromptBehavior: dismiss and notify}&#10;Session ID: 81a55af3e69e2857607f2a522d14eb6d" type="org.openqa.selenium.TimeoutException">org.openqa.selenium.TimeoutException: 
timeout
  (Session info: chrome=76.0.3809.100)
Build info: version: '3.14.0', revision: 'aacccce0', time: '2018-08-02T20:19:58.91Z'
System info: host: 'WKWIN5154091', ip: '192.168.5.4', os.name: 'Windows 10', os.arch: 'amd64', os.version: '10.0', java.version: '12.0.2'
Driver info: org.openqa.selenium.chrome.ChromeDriver
Capabilities {acceptInsecureCerts: false, browserName: chrome, browserVersion: 76.0.3809.100, chrome: {chromedriverVersion: 75.0.3770.140 (2d9f97485c7b..., userDataDir: C:\Users\pkshank\AppData\Lo...}, goog:chromeOptions: {debuggerAddress: localhost:56576}, javascriptEnabled: true, networkConnectionEnabled: false, pageLoadStrategy: normal, platform: XP, platformName: XP, proxy: Proxy(), setWindowRect: true, strictFileInteractability: false, timeouts: {implicit: 0, pageLoad: 300000, script: 30000}, unhandledPromptBehavior: dismiss and notify}
Session ID: 81a55af3e69e2857607f2a522d14eb6d
	at com.ecom.qa.testcases.MobileHomePageTest.setUp(MobileHomePageTest.java:39)
</failure>
    <system-out><![CDATA[Before navigating to: 'http://live.guru99.com/index.php/'
Exception occured: timeout
  (Session info: chrome=76.0.3809.100)
Build info: version: '3.14.0', revision: 'aacccce0', time: '2018-08-02T20:19:58.91Z'
System info: host: 'WKWIN5154091', ip: '192.168.5.4', os.name: 'Windows 10', os.arch: 'amd64', os.version: '10.0', java.version: '12.0.2'
Driver info: org.openqa.selenium.chrome.ChromeDriver
Capabilities {acceptInsecureCerts: false, browserName: chrome, browserVersion: 76.0.3809.100, chrome: {chromedriverVersion: 75.0.3770.140 (2d9f97485c7b..., userDataDir: C:\Users\pkshank\AppData\Lo...}, goog:chromeOptions: {debuggerAddress: localhost:56576}, javascriptEnabled: true, networkConnectionEnabled: false, pageLoadStrategy: normal, platform: XP, platformName: XP, proxy: Proxy(), setWindowRect: true, strictFileInteractability: false, timeouts: {implicit: 0, pageLoad: 300000, script: 30000}, unhandledPromptBehavior: dismiss and notify}
Session ID: 81a55af3e69e2857607f2a522d14eb6d
]]></system-out>
    <system-err><![CDATA[Starting ChromeDriver 75.0.3770.140 (2d9f97485c7b07dc18a74666574f19176731995c-refs/branch-heads/3770@{#1155}) on port 8485
Only local connections are allowed.
Please protect ports used by ChromeDriver and related test frameworks to prevent access by malicious code.
[1565891286.780][WARNING]: This version of ChromeDriver has not been tested with Chrome version 76.
Aug 15, 2019 11:18:07 PM org.openqa.selenium.remote.ProtocolHandshake createSession
INFO: Detected dialect: W3C
[1565891309.198][SEVERE]: Timed out receiving message from renderer: 18.614
[1565891309.218][SEVERE]: Timed out receiving message from renderer: -0.022
[1565891329.235][SEVERE]: Timed out receiving message from renderer: 20.000
[1565891329.240][SEVERE]: Timed out receiving message from renderer: -0.016
]]></system-err>
  </testcase>
  <testcase name="setUp" classname="com.ecom.qa.testcases.MobileHomePageTest" time="0">
    <skipped/>
  </testcase>
  <testcase name="setUp" classname="com.ecom.qa.testcases.MobileHomePageTest" time="0">
    <skipped/>
  </testcase>
  <testcase name="validateMobileNameSortTest" classname="com.ecom.qa.testcases.MobileHomePageTest" time="0">
    <skipped message="timeout&#10;  (Session info: chrome=76.0.3809.100)&#10;Build info: version: &apos;3.14.0&apos;, revision: &apos;aacccce0&apos;, time: &apos;2018-08-02T20:19:58.91Z&apos;&#10;System info: host: &apos;WKWIN5154091&apos;, ip: &apos;192.168.5.4&apos;, os.name: &apos;Windows 10&apos;, os.arch: &apos;amd64&apos;, os.version: &apos;10.0&apos;, java.version: &apos;12.0.2&apos;&#10;Driver info: org.openqa.selenium.chrome.ChromeDriver&#10;Capabilities {acceptInsecureCerts: false, browserName: chrome, browserVersion: 76.0.3809.100, chrome: {chromedriverVersion: 75.0.3770.140 (2d9f97485c7b..., userDataDir: C:\Users\pkshank\AppData\Lo...}, goog:chromeOptions: {debuggerAddress: localhost:56576}, javascriptEnabled: true, networkConnectionEnabled: false, pageLoadStrategy: normal, platform: XP, platformName: XP, proxy: Proxy(), setWindowRect: true, strictFileInteractability: false, timeouts: {implicit: 0, pageLoad: 300000, script: 30000}, unhandledPromptBehavior: dismiss and notify}&#10;Session ID: 81a55af3e69e2857607f2a522d14eb6d"/>
  </testcase>
  <testcase name="phonePriceTest" classname="com.ecom.qa.testcases.MobileHomePageTest" time="0">
    <skipped message="timeout&#10;  (Session info: chrome=76.0.3809.100)&#10;Build info: version: &apos;3.14.0&apos;, revision: &apos;aacccce0&apos;, time: &apos;2018-08-02T20:19:58.91Z&apos;&#10;System info: host: &apos;WKWIN5154091&apos;, ip: &apos;192.168.5.4&apos;, os.name: &apos;Windows 10&apos;, os.arch: &apos;amd64&apos;, os.version: &apos;10.0&apos;, java.version: &apos;12.0.2&apos;&#10;Driver info: org.openqa.selenium.chrome.ChromeDriver&#10;Capabilities {acceptInsecureCerts: false, browserName: chrome, browserVersion: 76.0.3809.100, chrome: {chromedriverVersion: 75.0.3770.140 (2d9f97485c7b..., userDataDir: C:\Users\pkshank\AppData\Lo...}, goog:chromeOptions: {debuggerAddress: localhost:56576}, javascriptEnabled: true, networkConnectionEnabled: false, pageLoadStrategy: normal, platform: XP, platformName: XP, proxy: Proxy(), setWindowRect: true, strictFileInteractability: false, timeouts: {implicit: 0, pageLoad: 300000, script: 30000}, unhandledPromptBehavior: dismiss and notify}&#10;Session ID: 81a55af3e69e2857607f2a522d14eb6d"/>
  </testcase>
  <testcase name="checkMaxItemsCartTest" classname="com.ecom.qa.testcases.MobileHomePageTest" time="0">
    <skipped message="timeout&#10;  (Session info: chrome=76.0.3809.100)&#10;Build info: version: &apos;3.14.0&apos;, revision: &apos;aacccce0&apos;, time: &apos;2018-08-02T20:19:58.91Z&apos;&#10;System info: host: &apos;WKWIN5154091&apos;, ip: &apos;192.168.5.4&apos;, os.name: &apos;Windows 10&apos;, os.arch: &apos;amd64&apos;, os.version: &apos;10.0&apos;, java.version: &apos;12.0.2&apos;&#10;Driver info: org.openqa.selenium.chrome.ChromeDriver&#10;Capabilities {acceptInsecureCerts: false, browserName: chrome, browserVersion: 76.0.3809.100, chrome: {chromedriverVersion: 75.0.3770.140 (2d9f97485c7b..., userDataDir: C:\Users\pkshank\AppData\Lo...}, goog:chromeOptions: {debuggerAddress: localhost:56576}, javascriptEnabled: true, networkConnectionEnabled: false, pageLoadStrategy: normal, platform: XP, platformName: XP, proxy: Proxy(), setWindowRect: true, strictFileInteractability: false, timeouts: {implicit: 0, pageLoad: 300000, script: 30000}, unhandledPromptBehavior: dismiss and notify}&#10;Session ID: 81a55af3e69e2857607f2a522d14eb6d"/>
  </testcase>
</testsuite>