<?xml version="1.0" encoding="UTF-8"?>
<testng-results ignored="0" total="1" passed="1" failed="0" skipped="0">
  <reporter-output>
  </reporter-output>
  <suite started-at="2019-08-16T17:53:40Z" name="ECommerce Website Test Automation Suite" finished-at="2019-08-16T17:54:11Z" duration-ms="30961">
    <groups>
    </groups>
    <test started-at="2019-08-16T17:53:40Z" name="ECommerce Test" finished-at="2019-08-16T17:54:11Z" duration-ms="30961">
      <class name="com.ecom.qa.testcases.BillingInformationPageTest">
        <test-method is-config="true" signature="setUp(java.lang.String, java.lang.String)[pri:0, instance:com.ecom.qa.testcases.BillingInformationPageTest@99a65d3]" started-at="2019-08-16T23:23:40Z" name="setUp" finished-at="2019-08-16T23:24:05Z" duration-ms="25058" status="PASS">
          <params>
            <param index="0">
              <value>
                <![CDATA[a23@email.com]]>
              </value>
            </param>
            <param index="1">
              <value>
                <![CDATA[yulbat456]]>
              </value>
            </param>
          </params>
          <reporter-output>
          </reporter-output>
        </test-method> <!-- setUp -->
        <test-method signature="isOrderNumberGenerated()[pri:1, instance:com.ecom.qa.testcases.BillingInformationPageTest@99a65d3]" started-at="2019-08-16T23:24:05Z" name="isOrderNumberGenerated" description="Validate that the order number is generated" finished-at="2019-08-16T23:24:10Z" duration-ms="4493" status="PASS">
          <reporter-output>
          </reporter-output>
        </test-method> <!-- isOrderNumberGenerated -->
        <test-method is-config="true" signature="tearDown()[pri:0, instance:com.ecom.qa.testcases.BillingInformationPageTest@99a65d3]" started-at="2019-08-16T23:24:10Z" name="tearDown" finished-at="2019-08-16T23:24:11Z" duration-ms="881" status="PASS">
          <reporter-output>
          </reporter-output>
        </test-method> <!-- tearDown -->
      </class> <!-- com.ecom.qa.testcases.BillingInformationPageTest -->
    </test> <!-- ECommerce Test -->
  </suite> <!-- ECommerce Website Test Automation Suite -->
</testng-results>
